PRT1
96
265
4 1 5 (4631.669922 640 0 ) (4632 640 0 ) (4632 640 10 ) (4631.669922 640 10 ) 
4 1 3 (4632 640 832 ) (4632 640 1792 ) (4631.669922 640 1792 ) (4631.669922 640 832 ) 
4 1 2 (4631.669922 768 1792 ) (4631.669922 768 832 ) (4631.669922 640 832 ) (4631.669922 640 1792 ) 
4 2 7 (4096 640 1792 ) (4096 768 1792 ) (4096 768 832 ) (4096 640 832 ) 
4 2 3 (4631.669922 640 832 ) (4631.669922 640 1792 ) (4496 640 1792 ) (4496 640 832 ) 
4 2 4 (4496 640 1792 ) (4096 640 1792 ) (4096 640 832 ) (4496 640 832 ) 
4 3 57 (4632 0 1792 ) (4496 0 1792 ) (4496 0 576 ) (4632 0 576 ) 
5 3 4 (4496 640 1792 ) (4496 640 832 ) (4496 253.023315 576 ) (4496 0 576 ) (4496 0 1792 ) 
4 4 59 (4496 0 1792 ) (4096 0 1792 ) (4096 0 576 ) (4496 0 576 ) 
4 4 8 (4096 0 576 ) (4096 0 1792 ) (4096 640 1792 ) (4096 640 576 ) 
4 4 6 (4096 0 576 ) (4096 640 576 ) (4496 640 576 ) (4496 0 576 ) 
4 5 58 (4496 0 0 ) (4632 0 0 ) (4632 0 10 ) (4496 0 10 ) 
4 5 6 (4496 640 10 ) (4496 640 0 ) (4496 0 0 ) (4496 0 10 ) 
4 6 59 (4096 0 576 ) (4096 0 0 ) (4496 0 0 ) (4496 0 576 ) 
4 6 8 (4096 0 0 ) (4096 0 576 ) (4096 640 576 ) (4096 640 0 ) 
4 7 9 (3072 640 832 ) (3072 640 1792 ) (3072 768 1792 ) (3072 768 832 ) 
4 7 8 (4096 640 832 ) (4096 640 1792 ) (3072 640 1792 ) (3072 640 832 ) 
4 8 63 (4096 0 0 ) (4096 0 576 ) (3072 0 576 ) (3072 0 0 ) 
4 8 62 (4096 0 576 ) (4096 0 1792 ) (3072 0 1792 ) (3072 0 576 ) 
4 8 14 (3072 640 0 ) (3072 0 0 ) (3072 0 62 ) (3072 640 62 ) 
4 8 11 (3072 0 62 ) (3072 0 97 ) (3072 640 97 ) (3072 640 62 ) 
4 8 10 (3072 0 97 ) (3072 0 1792 ) (3072 640 1792 ) (3072 640 97 ) 
4 9 15 (2048 640 1792 ) (2048 768 1792 ) (2048 768 832 ) (2048 640 832 ) 
4 9 10 (3072 640 832 ) (3072 640 1792 ) (2048 640 1792 ) (2048 640 832 ) 
4 10 65 (3072 0 97 ) (3072 0 576 ) (2048 0 576 ) (2048 0 97 ) 
4 10 64 (3072 0 576 ) (3072 0 1792 ) (2048 0 1792 ) (2048 0 576 ) 
4 10 16 (2048 0 97 ) (2048 0 1792 ) (2048 640 1792 ) (2048 640 97 ) 
4 10 12 (2224 465 97 ) (2224 640 97 ) (2768 640 97 ) (2768 465 97 ) 
4 10 11 (3072 640 97 ) (3072 0 97 ) (2768 0 97 ) (2768 640 97 ) 
4 10 13 (2224 0 97 ) (2048 0 97 ) (2048 640 97 ) (2224 640 97 ) 
4 11 66 (3072 0 62 ) (3072 0 97 ) (2768 0 97 ) (2768 0 62 ) 
4 11 14 (3072 0 62 ) (2768 0 62 ) (2768 640 62 ) (3072 640 62 ) 
4 11 12 (2768 640 97 ) (2768 640 62 ) (2768 465 62 ) (2768 465 97 ) 
4 12 14 (2224 465 62 ) (2224 640 62 ) (2768 640 62 ) (2768 465 62 ) 
4 12 13 (2224 640 97 ) (2224 640 62 ) (2224 465 62 ) (2224 465 97 ) 
4 13 67 (2224 0 97 ) (2048 0 97 ) (2048 0 62 ) (2224 0 62 ) 
4 13 16 (2048 0 62 ) (2048 0 97 ) (2048 640 97 ) (2048 640 62 ) 
4 13 14 (2224 0 62 ) (2048 0 62 ) (2048 640 62 ) (2224 640 62 ) 
4 14 68 (3072 0 0 ) (3072 0 62 ) (2048 0 62 ) (2048 0 0 ) 
4 14 16 (2048 0 0 ) (2048 0 62 ) (2048 640 62 ) (2048 640 0 ) 
4 15 17 (1154 640 1792 ) (1154 768 1792 ) (1154 768 832 ) (1154 640 832 ) 
4 15 16 (2048 640 832 ) (2048 640 1792 ) (1154 640 1792 ) (1154 640 832 ) 
4 16 74 (2048 0 0 ) (2048 0 576 ) (1154 0 576 ) (1154 0 0 ) 
4 16 73 (2048 0 576 ) (2048 0 1792 ) (1154 0 1792 ) (1154 0 576 ) 
4 16 19 (1154 0 0 ) (1154 0 120 ) (1154 640 120 ) (1154 640 0 ) 
4 16 18 (1154 0 120 ) (1154 0 1792 ) (1154 640 1792 ) (1154 640 120 ) 
4 17 20 (1024 640 832 ) (1024 640 1792 ) (1024 768 1792 ) (1024 768 832 ) 
4 17 18 (1154 640 832 ) (1154 640 1792 ) (1024 640 1792 ) (1024 640 832 ) 
4 18 76 (1154 0 120 ) (1154 0 576 ) (1024 0 576 ) (1024 0 120 ) 
4 18 75 (1154 0 576 ) (1154 0 1792 ) (1024 0 1792 ) (1024 0 576 ) 
4 18 21 (1024 640 120 ) (1024 0 120 ) (1024 0 1792 ) (1024 640 1792 ) 
4 18 19 (1024 0 120 ) (1024 640 120 ) (1154 640 120 ) (1154 0 120 ) 
4 19 77 (1154 0 0 ) (1154 0 120 ) (1024 0 120 ) (1024 0 0 ) 
4 19 22 (1024 640 0 ) (1024 0 0 ) (1024 0 120 ) (1024 640 120 ) 
4 20 23 (0 640 1792 ) (0 768 1792 ) (0 768 832 ) (0 640 832 ) 
4 20 21 (1024 640 832 ) (1024 640 1792 ) (0 640 1792 ) (0 640 832 ) 
4 21 79 (768 0 1792 ) (0 0 1792 ) (0 0 512 ) (768 0 512 ) 
4 21 85 (0 0 512 ) (0 0 120 ) (768 0 120 ) (768 0 512 ) 
4 21 78 (1024 0 120 ) (1024 0 1792 ) (768 0 1792 ) (768 0 120 ) 
4 21 44 (0 0 120 ) (0 0 1792 ) (0 344 1792 ) (0 344 120 ) 
4 21 41 (0 640 489 ) (0 640 120 ) (0 344 120 ) (0 344 489 ) 
4 21 34 (0 376 489 ) (0 344 489 ) (0 344 616 ) (0 376 616 ) 
4 21 31 (0 640 616 ) (0 640 489 ) (0 376 489 ) (0 376 616 ) 
4 21 28 (0 640 640 ) (0 640 616 ) (0 344 616 ) (0 344 640 ) 
4 21 24 (0 344 1792 ) (0 640 1792 ) (0 640 640 ) (0 344 640 ) 
4 21 22 (0 0 120 ) (0 640 120 ) (1024 640 120 ) (1024 0 120 ) 
4 22 87 (1024 0 0 ) (1024 0 120 ) (0 0 120 ) (0 0 0 ) 
4 22 49 (0 0 0 ) (0 0 120 ) (0 640 120 ) (0 640 0 ) 
4 23 50 (-1024 640 832 ) (-1024 640 1792 ) (-1024 768 1792 ) (-1024 768 832 ) 
4 23 26 (-224 640 1792 ) (-384 640 1792 ) (-384 640 832 ) (-224 640 832 ) 
4 23 24 (0 640 832 ) (0 640 1792 ) (-224 640 1792 ) (-224 640 832 ) 
4 23 27 (-384 640 1792 ) (-1024 640 1792 ) (-1024 640 832 ) (-384 640 832 ) 
4 24 44 (0 344 640 ) (0 344 1792 ) (-224 344 1792 ) (-224 344 640 ) 
4 24 28 (0 344 640 ) (-224 344 640 ) (-224 640 640 ) (0 640 640 ) 
4 24 26 (-224 640 1792 ) (-224 640 832 ) (-224 344 733.333374 ) (-224 344 1792 ) 
4 24 25 (-224 640 768 ) (-224 640 640 ) (-224 344 640 ) (-224 344 669.333313 ) 
4 25 45 (-384 344 669.333252 ) (-384 344 640 ) (-224 344 640 ) (-224 344 669.333313 ) 
4 25 28 (-224 344 640 ) (-384 344 640 ) (-384 640 640 ) (-224 640 640 ) 
4 25 27 (-384 640 768 ) (-384 640 640 ) (-384 344 640 ) (-384 344 669.333313 ) 
4 26 46 (-224 344 1792 ) (-384 344 1792 ) (-384 344 733.333374 ) (-224 344 733.333374 ) 
4 26 27 (-384 640 1792 ) (-384 640 832 ) (-384 344 733.333374 ) (-384 344 1792 ) 
4 27 52 (-1024 640 640 ) (-1024 344 640 ) (-1024 344 1792 ) (-1024 640 1792 ) 
4 27 48 (-384 344 1792 ) (-1024 344 1792 ) (-1024 344 640 ) (-384 344 640 ) 
4 27 30 (-984 344 640 ) (-1024 344 640 ) (-1024 640 640 ) (-984 640 640 ) 
4 27 29 (-824 568 640 ) (-824 632 640 ) (-728 632 640 ) (-728 568 640 ) 
4 27 28 (-384 344 640 ) (-568 344 640 ) (-568 640 640 ) (-384 640 640 ) 
4 28 45 (-224 344 640 ) (-384 344 640 ) (-384 344 616 ) (-224 344 616 ) 
4 28 44 (0 344 616 ) (0 344 640 ) (-224 344 640 ) (-224 344 616 ) 
4 28 48 (-384 344 640 ) (-568 344 640 ) (-568 344 616 ) (-384 344 616 ) 
4 28 34 (0 344 616 ) (-568 344 616 ) (-568 376 616 ) (0 376 616 ) 
4 28 31 (-568 376 616 ) (-568 640 616 ) (0 640 616 ) (0 376 616 ) 
4 29 32 (-824 568 616 ) (-824 632 616 ) (-728 632 616 ) (-728 568 616 ) 
4 30 54 (-1024 640 616 ) (-1024 344 616 ) (-1024 344 640 ) (-1024 640 640 ) 
4 30 48 (-984 344 640 ) (-1024 344 640 ) (-1024 344 616 ) (-984 344 616 ) 
4 30 37 (-984 344 616 ) (-1024 344 616 ) (-1024 376 616 ) (-984 376 616 ) 
4 30 33 (-1024 376 616 ) (-1024 640 616 ) (-984 640 616 ) (-984 376 616 ) 
4 31 41 (-568 640 489 ) (0 640 489 ) (0 376 489 ) (-568 376 489 ) 
4 31 34 (-568 376 489 ) (0 376 489 ) (0 376 616 ) (-568 376 616 ) 
4 32 38 (-848 376 576 ) (-944 376 576 ) (-944 376 528 ) (-848 376 528 ) 
4 32 36 (-824 376 489 ) (-728 376 489 ) (-728 376 584 ) (-824 376 584 ) 
4 32 35 (-608 376 576 ) (-704 376 576 ) (-704 376 528 ) (-608 376 528 ) 
4 32 33 (-960 632 489 ) (-960 376 489 ) (-960 376 616 ) (-960 632 616 ) 
4 33 54 (-1024 376 616 ) (-1024 640 616 ) (-1024 640 489 ) (-1024 376 489 ) 
4 33 43 (-1024 376 489 ) (-1024 640 489 ) (-984 640 489 ) (-984 376 489 ) 
4 33 40 (-1024 376 489 ) (-960 376 489 ) (-960 376 528 ) (-1024 376 528 ) 
4 33 39 (-960 376 528 ) (-960 376 576 ) (-1024 376 576 ) (-1024 376 528 ) 
4 33 37 (-960 376 576 ) (-960 376 616 ) (-1024 376 616 ) (-1024 376 576 ) 
4 34 45 (-224 344 616 ) (-384 344 616 ) (-384 344 489 ) (-224 344 489 ) 
4 34 44 (0 344 489 ) (0 344 616 ) (-224 344 616 ) (-224 344 489 ) 
4 34 48 (-384 344 616 ) (-568 344 616 ) (-568 344 489 ) (-384 344 489 ) 
4 34 41 (0 344 489 ) (-568 344 489 ) (-568 376 489 ) (0 376 489 ) 
4 35 48 (-704 344 528 ) (-608 344 528 ) (-608 344 576 ) (-704 344 576 ) 
4 36 48 (-824 344 584 ) (-824 344 489 ) (-728 344 489 ) (-728 344 584 ) 
4 37 54 (-1024 344 576 ) (-1024 344 616 ) (-1024 376 616 ) (-1024 376 576 ) 
4 37 48 (-960 344 616 ) (-1024 344 616 ) (-1024 344 576 ) (-960 344 576 ) 
4 37 39 (-1024 376 576 ) (-960 376 576 ) (-960 344 576 ) (-1024 344 576 ) 
4 38 48 (-944 344 528 ) (-848 344 528 ) (-848 344 576 ) (-944 344 576 ) 
4 39 54 (-1024 344 528 ) (-1024 344 576 ) (-1024 376 576 ) (-1024 376 528 ) 
4 39 48 (-1024 344 576 ) (-1024 344 528 ) (-960 344 528 ) (-960 344 576 ) 
4 39 40 (-1024 376 528 ) (-960 376 528 ) (-960 344 528 ) (-1024 344 528 ) 
4 40 54 (-1024 344 489 ) (-1024 344 528 ) (-1024 376 528 ) (-1024 376 489 ) 
4 40 48 (-1024 344 528 ) (-1024 344 489 ) (-960 344 489 ) (-960 344 528 ) 
4 40 43 (-984 344 489 ) (-1024 344 489 ) (-1024 376 489 ) (-984 376 489 ) 
4 41 49 (-568 640 120 ) (0 640 120 ) (0 344 120 ) (-568 344 120 ) 
4 41 45 (-384 344 120 ) (-224 344 120 ) (-224 344 489 ) (-384 344 489 ) 
4 41 44 (-224 344 120 ) (0 344 120 ) (0 344 489 ) (-224 344 489 ) 
4 41 48 (-568 344 120 ) (-384 344 120 ) (-384 344 489 ) (-568 344 489 ) 
4 41 42 (-568 344 120 ) (-568 344 476 ) (-568 640 476 ) (-568 640 120 ) 
4 42 49 (-984 640 120 ) (-568 640 120 ) (-568 344 120 ) (-984 344 120 ) 
4 42 48 (-984 344 120 ) (-568 344 120 ) (-568 344 476 ) (-984 344 476 ) 
4 42 43 (-984 344 120 ) (-984 344 476 ) (-984 640 476 ) (-984 640 120 ) 
4 43 54 (-1024 640 120 ) (-1024 344 120 ) (-1024 344 489 ) (-1024 640 489 ) 
4 43 49 (-1024 344 120 ) (-1024 640 120 ) (-984 640 120 ) (-984 344 120 ) 
4 43 48 (-1024 344 120 ) (-984 344 120 ) (-984 344 489 ) (-1024 344 489 ) 
4 44 89 (0 0 120 ) (0 0 576 ) (-224 0 576 ) (-224 0 120 ) 
4 44 88 (0 0 576 ) (0 0 1792 ) (-224 0 1792 ) (-224 0 576 ) 
4 44 49 (0 0 120 ) (-224 0 120 ) (-224 344 120 ) (0 344 120 ) 
4 44 46 (-224 64 1792 ) (-224 344 1792 ) (-224 344 733.333374 ) (-224 64 640 ) 
4 44 45 (-224 344 669.333252 ) (-224 344 120 ) (-224 64 120 ) (-224 64 576 ) 
4 44 47 (-224 0 1792 ) (-224 64 1792 ) (-224 64 120 ) (-224 0 120 ) 
4 45 49 (-384 64 120 ) (-384 344 120 ) (-224 344 120 ) (-224 64 120 ) 
4 45 47 (-384 64 576 ) (-384 64 120 ) (-224 64 120 ) (-224 64 576 ) 
4 45 48 (-384 344 669.333252 ) (-384 344 120 ) (-384 64 120 ) (-384 64 576 ) 
4 46 48 (-384 64 1792 ) (-384 344 1792 ) (-384 344 733.333374 ) (-384 64 640 ) 
4 46 47 (-384 64 1792 ) (-384 64 640 ) (-224 64 640 ) (-224 64 1792 ) 
4 47 89 (-384 0 576 ) (-384 0 120 ) (-224 0 120 ) (-224 0 576 ) 
4 47 88 (-224 0 1792 ) (-384 0 1792 ) (-384 0 576 ) (-224 0 576 ) 
4 47 49 (-224 0 120 ) (-384 0 120 ) (-384 64 120 ) (-224 64 120 ) 
4 47 48 (-384 0 1792 ) (-384 64 1792 ) (-384 64 120 ) (-384 0 120 ) 
4 48 89 (-1024 0 576 ) (-1024 0 120 ) (-384 0 120 ) (-384 0 576 ) 
4 48 88 (-384 0 1792 ) (-1024 0 1792 ) (-1024 0 576 ) (-384 0 576 ) 
4 48 54 (-1024 0 120 ) (-1024 0 640 ) (-1024 344 640 ) (-1024 344 120 ) 
4 48 52 (-1024 0 640 ) (-1024 0 1792 ) (-1024 344 1792 ) (-1024 344 640 ) 
4 48 49 (-384 0 120 ) (-1024 0 120 ) (-1024 344 120 ) (-384 344 120 ) 
4 49 90 (0 0 0 ) (0 0 120 ) (-1024 0 120 ) (-1024 0 0 ) 
4 49 56 (-1024 0 0 ) (-1024 0 120 ) (-1024 640 120 ) (-1024 640 0 ) 
4 50 53 (-1216 640 1792 ) (-1319.670166 640 1792 ) (-1319.670166 640 832 ) (-1216 640 832 ) 
4 50 52 (-1024 640 832 ) (-1024 640 1792 ) (-1216 640 1792 ) (-1216 640 832 ) 
4 50 51 (-1319.670166 768 1792 ) (-1319.670166 768 832 ) (-1319.670166 640 832 ) (-1319.670166 640 1792 ) 
4 51 55 (-1319.670166 640 120 ) (-1344 640 120 ) (-1344 768 120 ) (-1319.670166 768 120 ) 
4 51 53 (-1344 640 1792 ) (-1344 640 832 ) (-1319.670166 640 832 ) (-1319.670166 640 1792 ) 
4 52 91 (-1024 0 640 ) (-1024 0 1792 ) (-1216 0 1792 ) (-1216 0 640 ) 
4 52 54 (-1216 640 640 ) (-1024 640 640 ) (-1024 0 640 ) (-1216 0 640 ) 
5 52 53 (-1216 640 1792 ) (-1216 640 832 ) (-1216 153.346497 640 ) (-1216 0 640 ) (-1216 0 1792 ) 
4 53 94 (-1216 0 1792 ) (-1344 0 1792 ) (-1344 0 640 ) (-1216 0 640 ) 
4 54 93 (-1024 0 120 ) (-1024 0 576 ) (-1216 0 576 ) (-1216 0 120 ) 
4 54 91 (-1024 0 576 ) (-1024 0 640 ) (-1216 0 640 ) (-1216 0 576 ) 
4 54 56 (-1024 640 120 ) (-1024 0 120 ) (-1216 0 120 ) (-1216 640 120 ) 
4 56 95 (-1024 0 0 ) (-1024 0 120 ) (-1216 0 120 ) (-1216 0 0 ) 
4 57 61 (4631.669922 -896 1792 ) (4496 -896 1792 ) (4496 -896 576 ) (4631.669922 -896 576 ) 
4 57 60 (4632 -896 576 ) (4632 -896 1792 ) (4631.669922 -896 1792 ) (4631.669922 -896 576 ) 
4 57 59 (4496 -896 576 ) (4496 -896 1792 ) (4496 0 1792 ) (4496 0 576 ) 
4 58 60 (4631.669922 -896 0 ) (4632 -896 0 ) (4632 -896 10 ) (4631.669922 -896 10 ) 
4 58 59 (4496 0 0 ) (4496 -896 0 ) (4496 -896 10 ) (4496 0 10 ) 
4 59 63 (4096 0 576 ) (4096 0 0 ) (4096 -896 0 ) (4096 -896 576 ) 
4 59 62 (4096 -896 1792 ) (4096 0 1792 ) (4096 0 576 ) (4096 -896 576 ) 
4 59 61 (4496 -896 576 ) (4496 -896 1792 ) (4096 -896 1792 ) (4096 -896 576 ) 
4 60 61 (4631.669922 -896 1792 ) (4631.669922 -896 576 ) (4631.669922 -1024 576 ) (4631.669922 -1024 1792 ) 
4 61 62 (4096 -1024 576 ) (4096 -1024 1792 ) (4096 -896 1792 ) (4096 -896 576 ) 
4 62 64 (3072 -1024 576 ) (3072 -1024 1792 ) (3072 0 1792 ) (3072 0 576 ) 
4 62 63 (3072 -896 576 ) (3072 0 576 ) (4096 0 576 ) (4096 -896 576 ) 
4 63 72 (3072 -592 0 ) (3072 -896 0 ) (3072 -896 97 ) (3072 -592 97 ) 
4 63 69 (3072 -576 0 ) (3072 -592 0 ) (3072 -592 97 ) (3072 -576 97 ) 
4 63 68 (3072 0 62 ) (3072 0 0 ) (3072 -576 0 ) (3072 -576 62 ) 
4 63 66 (3072 0 97 ) (3072 0 62 ) (3072 -576 62 ) (3072 -576 97 ) 
4 63 65 (3072 -896 576 ) (3072 0 576 ) (3072 0 97 ) (3072 -896 97 ) 
4 64 73 (2048 0 1792 ) (2048 0 576 ) (2048 -1024 576 ) (2048 -1024 1792 ) 
4 64 65 (3072 0 576 ) (3072 -896 576 ) (2048 -896 576 ) (2048 0 576 ) 
4 65 74 (2048 0 576 ) (2048 0 97 ) (2048 -896 97 ) (2048 -896 576 ) 
4 65 72 (3072 -592 97 ) (3072 -896 97 ) (2048 -896 97 ) (2048 -592 97 ) 
4 65 69 (3072 -576 97 ) (3072 -592 97 ) (2768 -592 97 ) (2768 -576 97 ) 
4 65 71 (2224 -592 97 ) (2048 -592 97 ) (2048 -576 97 ) (2224 -576 97 ) 
4 65 67 (2224 -576 97 ) (2048 -576 97 ) (2048 0 97 ) (2224 0 97 ) 
4 65 66 (3072 0 97 ) (3072 -576 97 ) (2768 -576 97 ) (2768 0 97 ) 
4 66 69 (3072 -576 62 ) (3072 -576 97 ) (2768 -576 97 ) (2768 -576 62 ) 
4 66 68 (3072 -576 62 ) (2768 -576 62 ) (2768 0 62 ) (3072 0 62 ) 
4 67 74 (2048 0 97 ) (2048 0 62 ) (2048 -576 62 ) (2048 -576 97 ) 
4 67 71 (2224 -576 97 ) (2048 -576 97 ) (2048 -576 62 ) (2224 -576 62 ) 
4 67 68 (2224 -576 62 ) (2048 -576 62 ) (2048 0 62 ) (2224 0 62 ) 
4 68 74 (2048 0 62 ) (2048 0 0 ) (2048 -576 0 ) (2048 -576 62 ) 
4 68 70 (2768 -576 62 ) (2224 -576 62 ) (2224 -576 0 ) (2768 -576 0 ) 
4 68 69 (3072 -576 0 ) (3072 -576 62 ) (2768 -576 62 ) (2768 -576 0 ) 
4 68 71 (2224 -576 62 ) (2048 -576 62 ) (2048 -576 0 ) (2224 -576 0 ) 
4 69 72 (2768 -592 0 ) (3072 -592 0 ) (3072 -592 97 ) (2768 -592 97 ) 
4 69 70 (2768 -576 65 ) (2768 -576 0 ) (2768 -592 0 ) (2768 -592 65 ) 
4 70 72 (2224 -592 0 ) (2768 -592 0 ) (2768 -592 65 ) (2224 -592 65 ) 
4 70 71 (2224 -576 65 ) (2224 -576 0 ) (2224 -592 0 ) (2224 -592 65 ) 
4 71 74 (2048 -592 97 ) (2048 -576 97 ) (2048 -576 0 ) (2048 -592 0 ) 
4 71 72 (2048 -592 0 ) (2224 -592 0 ) (2224 -592 97 ) (2048 -592 97 ) 
4 72 74 (2048 -896 97 ) (2048 -592 97 ) (2048 -592 0 ) (2048 -896 0 ) 
4 73 75 (1154 -1024 576 ) (1154 -1024 1792 ) (1154 0 1792 ) (1154 0 576 ) 
4 73 74 (1154 -896 576 ) (1154 0 576 ) (2048 0 576 ) (2048 -896 576 ) 
4 74 77 (1154 0 120 ) (1154 0 0 ) (1154 -896 0 ) (1154 -896 120 ) 
4 74 76 (1154 -896 576 ) (1154 0 576 ) (1154 0 120 ) (1154 -896 120 ) 
4 75 86 (1024 -896 576 ) (1024 -1024 576 ) (1024 -1024 1792 ) (1024 -896 1792 ) 
4 75 78 (1024 0 1792 ) (1024 0 576 ) (1024 -896 576 ) (1024 -896 1792 ) 
4 75 76 (1024 -896 576 ) (1024 0 576 ) (1154 0 576 ) (1154 -896 576 ) 
4 76 78 (1024 0 576 ) (1024 0 120 ) (1024 -896 120 ) (1024 -896 576 ) 
4 76 77 (1024 -896 120 ) (1024 0 120 ) (1154 0 120 ) (1154 -896 120 ) 
4 77 87 (1024 0 120 ) (1024 0 0 ) (1024 -896 0 ) (1024 -896 120 ) 
4 78 87 (768 0 120 ) (1024 0 120 ) (1024 -896 120 ) (768 -896 120 ) 
4 78 86 (1024 -896 576 ) (1024 -896 1792 ) (768 -896 1792 ) (768 -896 576 ) 
4 78 82 (768 -96 640 ) (768 -96 576 ) (768 -384 512 ) (768 -384 576 ) 
5 78 81 (768 -896 576 ) (768 -896 1792 ) (768 -96 1792 ) (768 -96 640 ) (768 -384 576 ) 
3 78 80 (768 -96 576 ) (768 -96 512 ) (768 -384 512 ) 
4 78 79 (768 -96 1792 ) (768 0 1792 ) (768 0 512 ) (768 -96 512 ) 
4 78 85 (768 0 120 ) (768 -896 120 ) (768 -896 512 ) (768 0 512 ) 
4 79 89 (0 0 576 ) (0 0 512 ) (0 -96 512 ) (0 -96 576 ) 
4 79 88 (0 0 1792 ) (0 0 576 ) (0 -96 576 ) (0 -96 1792 ) 
4 79 84 (0 -96 640 ) (0 -96 576 ) (399.499969 -96 576 ) (399.500000 -96 640 ) 
4 79 83 (576 -96 1792 ) (0 -96 1792 ) (0 -96 640 ) (576 -96 640 ) 
4 79 82 (768 -96 576 ) (768 -96 640 ) (591.500000 -96 640 ) (591.500000 -96 576 ) 
4 79 81 (768 -96 640 ) (768 -96 1792 ) (576 -96 1792 ) (576 -96 640 ) 
4 79 80 (0 -96 512 ) (768 -96 512 ) (768 -96 576 ) (0 -96 576 ) 
4 79 85 (0 0 512 ) (768 0 512 ) (768 -96 512 ) (0 -96 512 ) 
3 80 89 (0 -96 512 ) (0 -384 512 ) (0 -96 576 ) 
4 80 84 (399.500000 -96 576 ) (0 -96 576 ) (0 -383.993896 512 ) (575.996277 -383.993866 512 ) 
4 80 82 (768 -96 576 ) (591.500000 -96 576 ) (767.996216 -383.993866 512 ) (768 -383.993866 512 ) 
4 80 85 (768 -96 512 ) (768 -384 512 ) (0 -384 512 ) (0 -96 512 ) 
4 81 86 (768 -896 576 ) (768 -896 1792 ) (576 -896 1792 ) (576 -896 576 ) 
5 81 83 (576 -96 1792 ) (576 -96 640 ) (576 -384 576 ) (576 -896 576 ) (576 -896 1792 ) 
3 81 82 (591.500000 -96 640 ) (768 -96 640 ) (768 -384 576 ) 
4 83 89 (0 -672 512 ) (0 -896 512 ) (0 -896 576 ) (0 -384 576 ) 
5 83 88 (0 -896 576 ) (0 -896 1792 ) (0 -96 1792 ) (0 -96 640 ) (0 -384 576 ) 
4 83 86 (576 -896 1792 ) (0 -896 1792 ) (0 -896 576 ) (576 -896 576 ) 
5 83 84 (0 -96 640 ) (399.499969 -96 640 ) (576 -384 576 ) (576 -672 512 ) (0 -672 512 ) 
4 83 85 (576 -896 512 ) (0 -896 512 ) (0 -672 512 ) (576 -672 512 ) 
4 84 89 (0 -384 512 ) (0 -672 512 ) (0 -384 576 ) (0 -96 576 ) 
3 84 88 (0 -384 576 ) (0 -96 640 ) (0 -96 576 ) 
4 84 85 (0 -672 512 ) (0 -384 512 ) (576 -384 512 ) (576 -672 512 ) 
4 85 89 (0 0 512 ) (0 0 120 ) (0 -896 120 ) (0 -896 512 ) 
4 85 87 (0 0 120 ) (768 0 120 ) (768 -896 120 ) (0 -896 120 ) 
4 86 88 (0 -1024 576 ) (0 -1024 1792 ) (0 -896 1792 ) (0 -896 576 ) 
4 87 90 (0 0 120 ) (0 0 0 ) (0 -896 0 ) (0 -896 120 ) 
4 88 92 (-1024 -1024 576 ) (-1024 -1024 1792 ) (-1024 -896 1792 ) (-1024 -896 576 ) 
4 88 91 (-1024 -896 1792 ) (-1024 0 1792 ) (-1024 0 576 ) (-1024 -896 576 ) 
4 88 89 (-1024 -896 576 ) (-1024 0 576 ) (0 0 576 ) (0 -896 576 ) 
4 89 93 (-1024 -896 576 ) (-1024 0 576 ) (-1024 0 120 ) (-1024 -896 120 ) 
4 89 90 (-1024 -896 120 ) (-1024 0 120 ) (0 0 120 ) (0 -896 120 ) 
4 90 95 (-1024 -896 120 ) (-1024 0 120 ) (-1024 0 0 ) (-1024 -896 0 ) 
4 91 94 (-1216 -896 1792 ) (-1216 0 1792 ) (-1216 0 640 ) (-1216 -896 640 ) 
4 91 93 (-1216 -896 576 ) (-1216 0 576 ) (-1024 0 576 ) (-1024 -896 576 ) 
5 91 92 (-1216 -896 1792 ) (-1216 -896 640 ) (-1086.936401 -896 576 ) (-1024 -896 576 ) (-1024 -896 1792 ) 
4 92 94 (-1216 -1024 640 ) (-1216 -1024 1792 ) (-1216 -896 1792 ) (-1216 -896 640 ) 
4 93 95 (-1216 -896 120 ) (-1216 0 120 ) (-1024 0 120 ) (-1024 -896 120 ) 
