


materialPath: D:\Program Files (x86)\Steam\steamapps\common\GarrysMod\garrysmod\materials
Loading d:\program files (x86)\steam\steamapps\common\source sdk base 2013 multiplayer\bin\hammerplusplus\gm_henko_003.vmf
ConVarRef gmod_unload_test doesn't point to an existing ConVar
ConVarRef mat_reduceparticles doesn't point to an existing ConVar
Patching WVT material: maps/gm_henko_003/dev/dev_blendmeasure_wvt_patch
fixing up env_cubemap materials on brush sides...
0...1...2...3...4...5...6...7...8...9...100...1...2...3...4...5...6...7...8...9...10Processing areas...done (0)
Building Faces...done (0)
Chop Details...done (0)
Find Visible Detail Sides...done (0)
Merging details...done (0)
FixTjuncs...
PruneNodes...
WriteBSP...
done (0)
writing d:\program files (x86)\steam\steamapps\common\source sdk base 2013 multiplayer\bin\hammerplusplus\gm_henko_003.prt...Building visibility clusters...
done (0)
Creating default LDR cubemaps for env_cubemap using skybox materials:
   skybox/sky_stormfront_02*.vmt
 ! Run buildcubemaps in the engine to get the correct cube maps.
Creating default HDR cubemaps for env_cubemap using skybox materials:
   skybox/sky_stormfront_02*.vmt
 ! Run buildcubemaps in the engine to get the correct cube maps.
Finding displacement neighbors...
Found a displacement edge abutting multiple other edges.
Finding lightmap sample positions...
Displacement Alpha : 0...1...2...3...4...5...6...7...8...9...10
Building Physics collision data...
WARNING: Map using power 4 displacements, terrain physics cannot be compressed, map will need additional memory and CPU.
done (0) (1416183 bytes)
Placing detail props : 0...1...2...3...4...5...6...7...8...9...10
Water found with no water_lod_control entity, creating a default one.
Compacting texture/material tables...
Reduced 378 texinfos to 278
Reduced 36 texdatas to 28 (1222 bytes to 857)
Writing d:\program files (x86)\steam\steamapps\common\source sdk base 2013 multiplayer\bin\hammerplusplus\gm_henko_003.bsp
1 second elapsed



4 threads
reading d:\program files (x86)\steam\steamapps\common\source sdk base 2013 multiplayer\bin\hammerplusplus\gm_henko_003.bsp
reading d:\program files (x86)\steam\steamapps\common\source sdk base 2013 multiplayer\bin\hammerplusplus\gm_henko_003.prt
  96 portalclusters
 265 numportals
0...1...2...3...4...5...6...7...8...9...100...1...2...3...4...5...6...7...8...9...10Optimized: 4 visible clusters (0.05%)
Total clusters visible: 8440
Average clusters visible: 87
Building PAS...
Average clusters audible: 94
visdatasize:3051  compressed from 3072
writing d:\program files (x86)\steam\steamapps\common\source sdk base 2013 multiplayer\bin\hammerplusplus\gm_henko_003.bsp
0 seconds elapsed



[Reading texlights from 'lights.rad']
[45 texlights parsed from 'lights.rad']

Loading d:\program files (x86)\steam\steamapps\common\source sdk base 2013 multiplayer\bin\hammerplusplus\gm_henko_003.bsp
PREP OK
Patch Sample Radius Clamped!
Patch Sample Radius Clamped!
Patch Sample Radius Clamped!
Patch Sample Radius Clamped!
Patch Sample Radius Clamped!
Patch Sample Radius Clamped!
Patch Sample Radius Clamped!
Patch Sample Radius Clamped!
Patch Sample Radius Clamped!
Patch Sample Radius Clamped!
Patch Sample Radius Clamped!
Patch Sample Radius Clamped!
Patch Sample Radius Clamped!
Patch Sample Radius Clamped!
Patch Sample Radius Clamped!
Patch Sample Radius Clamped!
1418 faces
4091844 square feet [589225600.00 square inches]
29 Displacements
1935372 Square Feet [278693600.00 Square Inches]
1418 patches before subdivision
18656 patches after subdivision
2 direct lights
0...1...2...3...4...5...6...7...8...9...100...1...2...3...4...5...6...7...8...9...10transfers 1012914, max 265
transfer lists:   7.7 megs
0...1...2...3...4...5...6...7...8...9...10	Bounce #1 added RGB(57696, 58090, 39950)
0...1...2...3...4...5...6...7...8...9...10	Bounce #2 added RGB(10796, 10061, 4875)
0...1...2...3...4...5...6...7...8...9...10	Bounce #3 added RGB(1968, 1694, 592)
0...1...2...3...4...5...6...7...8...9...10	Bounce #4 added RGB(399, 314, 80)
0...1...2...3...4...5...6...7...8...9...10	Bounce #5 added RGB(82, 59, 11)
0...1...2...3...4...5...6...7...8...9...10	Bounce #6 added RGB(18, 12, 2)
0...1...2...3...4...5...6...7...8...9...10	Bounce #7 added RGB(4, 2, 0)
0...1...2...3...4...5...6...7...8...9...10	Bounce #8 added RGB(1, 0, 0)
Build Patch/Sample Hash Table(s).....Done<0.0075 sec>
0...1...2...3...4...5...6...7...8...9...10FinalLightFace Done
0 of 0 (0% of) surface lights went in leaf ambient cubes.
0...1...2...3...4...5...6...7...8...9...10Writing leaf ambient...done
Computing static prop lighting : 00...1...2...3...4...5...6...7...8...9...10
Ready to Finish

Object names       Objects/Maxobjs  Memory / Maxmem  Fullness 
------------       ---------------  ---------------  -------- 
models                  11/4096          528/196608   ( 0.3%) 
brushes                 96/16384        1152/196608   ( 0.6%) 
brushsides             842/163840       6736/1310720  ( 0.5%) 
planes                1416/65536       28320/1310720  ( 2.2%) 
vertexes              2276/65536       27312/786432   ( 3.5%) 
nodes                 1689/65536       54048/2097152  ( 2.6%) 
texinfos               278/12288       20016/884736   ( 2.3%) 
texdata                 28/2048          896/65536    ( 1.4%) 
dispinfos               29/0            5104/0        ( 0.0%) 
disp_verts            6797/0          135940/0        ( 0.0%) 
disp_tris            11968/0           23936/0        ( 0.0%) 
disp_lmsamples      185923/0          185923/0        ( 0.0%) 
faces                 1418/65536       79408/3670016  ( 2.2%) 
hdr faces             1418/65536       79408/3670016  ( 2.2%) 
origfaces              477/65536       26712/3670016  ( 0.7%) 
leaves                1701/65536       54432/2097152  ( 2.6%) 
leaffaces             1580/65536        3160/131072   ( 2.4%) 
leafbrushes            993/65536        1986/131072   ( 1.5%) 
areas                    3/1024           24/8192     ( 0.3%) 
surfedges             8093/512000      32372/2048000  ( 1.6%) 
edges                 4401/256000      17604/1024000  ( 1.7%) 
LDR worldlights          0/8192            0/720896   ( 0.0%) 
HDR worldlights          2/8192          176/720896   ( 0.0%) 
leafwaterdata            1/32768          12/393216   ( 0.0%) 
waterstrips             36/32768         360/327680   ( 0.1%) 
waterverts               0/65536           0/786432   ( 0.0%) 
waterindices           522/65536        1044/131072   ( 0.8%) 
cubemapsamples           7/1024          112/16384    ( 0.7%) 
overlays                 0/1024            0/360448   ( 0.0%) 
LDR lightdata         [variable]           0/0        ( 0.0%) 
HDR lightdata         [variable]     1516760/0        ( 0.0%) 
visdata               [variable]        3051/16777216 ( 0.0%) 
entdata               [variable]       37037/393216   ( 9.4%) 
LDR ambient table     1701/65536        6804/262144   ( 2.6%) 
HDR ambient table     1701/65536        6804/262144   ( 2.6%) 
LDR leaf ambient      1701/65536       47628/1835008  ( 2.6%) 
HDR leaf ambient      9998/65536      279944/1835008  (15.3%) 
occluders                0/0               0/0        ( 0.0%) 
occluder polygons        0/0               0/0        ( 0.0%) 
occluder vert ind        0/0               0/0        ( 0.0%) 
detail props          [variable]           1/12       ( 8.3%) 
static props          [variable]           1/5816     ( 0.0%) 
pakfile               [variable]      895920/0        ( 0.0%) 
physics               [variable]     1416183/4194304  (33.8%) 
physics terrain       [variable]           0/1048576  ( 0.0%) 

Level flags = 2

Total triangle count: 3313
Writing d:\program files (x86)\steam\steamapps\common\source sdk base 2013 multiplayer\bin\hammerplusplus\gm_henko_003.bsp
50 seconds elapsed
